Сборка начата 25.10.2022 19:59:57.
Уровень детализации журнала: Normal.     1>Проект "D:\Лабораторные\3_семестр\АиСД\Lab05\Lab05\Lab05.vcxproj" в узле 2 (целевые объекты Build).
     1>InitializeBuildStatus:
         Создание "Debug\Lab05.tlog\unsuccessfulbuild", так как было задано "AlwaysCreate".
       ClCompile:
         C:\Program Files (x86)\Microsoft Visual Studio\2019\Enterprise\VC\Tools\MSVC\14.29.30133\bin\HostX86\x86\CL.exe /c /ZI /JMC /nologo /W3 /WX- /diagnostics:column /sdl /Od /Oy- /D WIN32 /D _DEBUG /D _CONSOLE /D _UNICODE /D UNICODE /Gm- /EHsc /RTC1 /MDd /GS /fp:precise /permissive- /Zc:wchar_t /Zc:forScope /Zc:inline /Fo"Debug\\" /Fd"Debug\vc142.pdb" /external:W3 /Gd /TP /analyze- /FC /errorReport:prompt Graph.cpp
         Graph.cpp
       Link:
         C:\Program Files (x86)\Microsoft Visual Studio\2019\Enterprise\VC\Tools\MSVC\14.29.30133\bin\HostX86\x86\link.exe /ERRORREPORT:PROMPT /OUT:"D:\Лабораторные\3_семестр\АиСД\Lab05\Debug\Lab05.exe" /INCREMENTAL /ILK:"Debug\Lab05.ilk" /NOLOGO kernel32.lib user32.lib gdi32.lib winspool.lib comdlg32.lib advapi32.lib shell32.lib ole32.lib oleaut32.lib uuid.lib odbc32.lib odbccp32.lib /MANIFEST /MANIFESTUAC:"level='asInvoker' uiAccess='false'" /manifest:embed /DEBUG /PDB:"D:\Лабораторные\3_семестр\АиСД\Lab05\Debug\Lab05.pdb" /SUBSYSTEM:CONSOLE /TLBID:1 /DYNAMICBASE /NXCOMPAT /IMPLIB:"D:\Лабораторные\3_семестр\АиСД\Lab05\Debug\Lab05.lib" /MACHINE:X86 Debug\Graph.obj
         Debug\Lab05.obj
         Debug\stdafx.obj
         Lab05.vcxproj -> D:\Лабораторные\3_семестр\АиСД\Lab05\Debug\Lab05.exe
       FinalizeBuildStatus:
         Файл "Debug\Lab05.tlog\unsuccessfulbuild" удаляется.
         Обращение к "Debug\Lab05.tlog\Lab05.lastbuildstate".
     1>Сборка проекта "D:\Лабораторные\3_семестр\АиСД\Lab05\Lab05\Lab05.vcxproj" завершена (целевые объекты Build).

Сборка успешно завершена.
    Предупреждений: 0
    Ошибок: 0

Прошло времени 00:00:01.53
