Сборка начата 11.10.2022 20:30:46.
Уровень детализации журнала: Normal.     1>Проект "D:\Лабораторные\3_семестр\АиСД\Lab04\Lab04\Lab04.vcxproj" в узле 2 (целевые объекты Build).
     1>InitializeBuildStatus:
         Создание "Debug\Lab04.tlog\unsuccessfulbuild", так как было задано "AlwaysCreate".
       ClCompile:
         C:\Program Files (x86)\Microsoft Visual Studio\2019\Enterprise\VC\Tools\MSVC\14.29.30133\bin\HostX86\x86\CL.exe /c /ZI /JMC /nologo /W3 /WX- /diagnostics:column /sdl /Od /Oy- /D WIN32 /D _DEBUG /D _CONSOLE /D _UNICODE /D UNICODE /Gm- /EHsc /RTC1 /MDd /GS /fp:precise /permissive- /Zc:wchar_t /Zc:forScope /Zc:inline /Fo"Debug\\" /Fd"Debug\vc142.pdb" /external:W3 /Gd /TP /analyze- /FC /errorReport:prompt Graph.cpp Lab04.cpp
         Graph.cpp
         Lab04.cpp
         Создание кода...
       Link:
         C:\Program Files (x86)\Microsoft Visual Studio\2019\Enterprise\VC\Tools\MSVC\14.29.30133\bin\HostX86\x86\link.exe /ERRORREPORT:PROMPT /OUT:"D:\Лабораторные\3_семестр\АиСД\Lab04\Debug\Lab04.exe" /INCREMENTAL /ILK:"Debug\Lab04.ilk" /NOLOGO kernel32.lib user32.lib gdi32.lib winspool.lib comdlg32.lib advapi32.lib shell32.lib ole32.lib oleaut32.lib uuid.lib odbc32.lib odbccp32.lib /MANIFEST /MANIFESTUAC:"level='asInvoker' uiAccess='false'" /manifest:embed /DEBUG /PDB:"D:\Лабораторные\3_семестр\АиСД\Lab04\Debug\Lab04.pdb" /SUBSYSTEM:CONSOLE /TLBID:1 /DYNAMICBASE /NXCOMPAT /IMPLIB:"D:\Лабораторные\3_семестр\АиСД\Lab04\Debug\Lab04.lib" /MACHINE:X86 Debug\Graph.obj
         Debug\Lab04.obj
         Lab04.vcxproj -> D:\Лабораторные\3_семестр\АиСД\Lab04\Debug\Lab04.exe
       FinalizeBuildStatus:
         Файл "Debug\Lab04.tlog\unsuccessfulbuild" удаляется.
         Обращение к "Debug\Lab04.tlog\Lab04.lastbuildstate".
     1>Сборка проекта "D:\Лабораторные\3_семестр\АиСД\Lab04\Lab04\Lab04.vcxproj" завершена (целевые объекты Build).

Сборка успешно завершена.
    Предупреждений: 0
    Ошибок: 0

Прошло времени 00:00:01.94
