Сборка начата 04.10.2022 14:50:05.
Уровень детализации журнала: Normal.     1>Проект "D:\Лабораторные\3 семестр\АиСД\Lab02\Lab02\Lab02.vcxproj" в узле 2 (целевые объекты Build).
     1>InitializeBuildStatus:
         Обращение к "Debug\Lab02.tlog\unsuccessfulbuild".
       ClCompile:
         C:\Program Files (x86)\Microsoft Visual Studio\2019\Enterprise\VC\Tools\MSVC\14.29.30133\bin\HostX86\x86\CL.exe /c /ZI /JMC /nologo /W3 /WX- /diagnostics:column /sdl /Od /Oy- /D WIN32 /D _DEBUG /D _CONSOLE /D _UNICODE /D UNICODE /Gm- /EHsc /RTC1 /MDd /GS /fp:precise /permissive- /Zc:wchar_t /Zc:forScope /Zc:inline /Fo"Debug\\" /Fd"Debug\vc142.pdb" /external:W3 /Gd /TP /analyze- /FC /errorReport:prompt GraphEdgeList.cpp Lab02.cpp
         GraphEdgeList.cpp
         Lab02.cpp
         Создание кода...
       Link:
         C:\Program Files (x86)\Microsoft Visual Studio\2019\Enterprise\VC\Tools\MSVC\14.29.30133\bin\HostX86\x86\link.exe /ERRORREPORT:PROMPT /OUT:"D:\Лабораторные\3 семестр\АиСД\Lab02\Debug\Lab02.exe" /INCREMENTAL /ILK:"Debug\Lab02.ilk" /NOLOGO kernel32.lib user32.lib gdi32.lib winspool.lib comdlg32.lib advapi32.lib shell32.lib ole32.lib oleaut32.lib uuid.lib odbc32.lib odbccp32.lib /MANIFEST /MANIFESTUAC:"level='asInvoker' uiAccess='false'" /manifest:embed /DEBUG /PDB:"D:\Лабораторные\3 семестр\АиСД\Lab02\Debug\Lab02.pdb" /SUBSYSTEM:CONSOLE /TLBID:1 /DYNAMICBASE /NXCOMPAT /IMPLIB:"D:\Лабораторные\3 семестр\АиСД\Lab02\Debug\Lab02.lib" /MACHINE:X86 Debug\GraphAdjacencyList.obj
         Debug\GraphEdgeList.obj
         Debug\GraphMatrix.obj
         Debug\Lab02.obj
         Lab02.vcxproj -> D:\Лабораторные\3 семестр\АиСД\Lab02\Debug\Lab02.exe
       FinalizeBuildStatus:
         Файл "Debug\Lab02.tlog\unsuccessfulbuild" удаляется.
         Обращение к "Debug\Lab02.tlog\Lab02.lastbuildstate".
     1>Сборка проекта "D:\Лабораторные\3 семестр\АиСД\Lab02\Lab02\Lab02.vcxproj" завершена (целевые объекты Build).

Сборка успешно завершена.
    Предупреждений: 0
    Ошибок: 0

Прошло времени 00:00:03.57
